<?xml version="1.0" encoding="UTF-8"?>
<testng-results ignored="0" total="5" passed="3" failed="2" skipped="0">
  <reporter-output>
  </reporter-output>
  <suite started-at="2021-02-21T20:01:31Z" name="themomdesk" finished-at="2021-02-21T20:05:53Z" duration-ms="262266">
    <groups>
    </groups>
    <test started-at="2021-02-21T20:01:31Z" name="TheMomDesk Test" finished-at="2021-02-21T20:05:53Z" duration-ms="262266">
      <class name="com.themomsdesk.testCases.TC02_ContactPage">
        <test-method is-config="true" signature="setup(java.lang.String)[pri:0, instance:com.themomsdesk.testCases.TC02_ContactPage@25641d39]" started-at="2021-02-21T20:03:00Z" name="setup" finished-at="2021-02-21T20:03:21Z" duration-ms="21224" status="PASS">
          <params>
            <param index="0">
              <value>
                <![CDATA[chrome]]>
              </value>
            </param>
          </params>
          <reporter-output>
          </reporter-output>
        </test-method> <!-- setup -->
        <test-method signature="testContactPage()[pri:0, instance:com.themomsdesk.testCases.TC02_ContactPage@25641d39]" started-at="2021-02-21T20:03:21Z" name="testContactPage" finished-at="2021-02-21T20:03:35Z" duration-ms="14170" status="PASS">
          <reporter-output>
          </reporter-output>
        </test-method> <!-- testContactPage -->
        <test-method is-config="true" signature="tearDown()[pri:0, instance:com.themomsdesk.testCases.TC02_ContactPage@25641d39]" started-at="2021-02-21T20:03:35Z" name="tearDown" finished-at="2021-02-21T20:03:39Z" duration-ms="3437" status="PASS">
          <reporter-output>
          </reporter-output>
        </test-method> <!-- tearDown -->
      </class> <!-- com.themomsdesk.testCases.TC02_ContactPage -->
      <class name="com.themomsdesk.testCases.TC05_Blog">
        <test-method is-config="true" signature="setup(java.lang.String)[pri:0, instance:com.themomsdesk.testCases.TC05_Blog@537f60bf]" started-at="2021-02-21T20:05:14Z" name="setup" finished-at="2021-02-21T20:05:33Z" duration-ms="18653" status="PASS">
          <params>
            <param index="0">
              <value>
                <![CDATA[chrome]]>
              </value>
            </param>
          </params>
          <reporter-output>
          </reporter-output>
        </test-method> <!-- setup -->
        <test-method signature="testBlog()[pri:0, instance:com.themomsdesk.testCases.TC05_Blog@537f60bf]" started-at="2021-02-21T20:05:33Z" name="testBlog" finished-at="2021-02-21T20:05:45Z" duration-ms="12645" status="PASS">
          <reporter-output>
          </reporter-output>
        </test-method> <!-- testBlog -->
        <test-method is-config="true" signature="tearDown()[pri:0, instance:com.themomsdesk.testCases.TC05_Blog@537f60bf]" started-at="2021-02-21T20:05:45Z" name="tearDown" finished-at="2021-02-21T20:05:53Z" duration-ms="7751" status="PASS">
          <reporter-output>
          </reporter-output>
        </test-method> <!-- tearDown -->
      </class> <!-- com.themomsdesk.testCases.TC05_Blog -->
      <class name="com.themomsdesk.testCases.TC04_Automation_Testing">
        <test-method is-config="true" signature="setup(java.lang.String)[pri:0, instance:com.themomsdesk.testCases.TC04_Automation_Testing@5824a83d]" started-at="2021-02-21T20:04:13Z" name="setup" finished-at="2021-02-21T20:04:47Z" duration-ms="33859" status="PASS">
          <params>
            <param index="0">
              <value>
                <![CDATA[chrome]]>
              </value>
            </param>
          </params>
          <reporter-output>
          </reporter-output>
        </test-method> <!-- setup -->
        <test-method signature="testAtutomationTesting()[pri:0, instance:com.themomsdesk.testCases.TC04_Automation_Testing@5824a83d]" started-at="2021-02-21T20:04:47Z" name="testAtutomationTesting" finished-at="2021-02-21T20:05:01Z" duration-ms="14536" status="PASS">
          <reporter-output>
          </reporter-output>
        </test-method> <!-- testAtutomationTesting -->
        <test-method is-config="true" signature="tearDown()[pri:0, instance:com.themomsdesk.testCases.TC04_Automation_Testing@5824a83d]" started-at="2021-02-21T20:05:01Z" name="tearDown" finished-at="2021-02-21T20:05:14Z" duration-ms="12680" status="PASS">
          <reporter-output>
          </reporter-output>
        </test-method> <!-- tearDown -->
      </class> <!-- com.themomsdesk.testCases.TC04_Automation_Testing -->
      <class name="com.themomsdesk.testCases.TC01_CareerPage">
        <test-method is-config="true" signature="setup(java.lang.String)[pri:0, instance:com.themomsdesk.testCases.TC01_CareerPage@4a883b15]" started-at="2021-02-21T20:01:31Z" name="setup" finished-at="2021-02-21T20:02:41Z" duration-ms="69493" status="PASS">
          <params>
            <param index="0">
              <value>
                <![CDATA[chrome]]>
              </value>
            </param>
          </params>
          <reporter-output>
          </reporter-output>
        </test-method> <!-- setup -->
        <test-method signature="testCareerText()[pri:0, instance:com.themomsdesk.testCases.TC01_CareerPage@4a883b15]" started-at="2021-02-21T20:02:41Z" name="testCareerText" finished-at="2021-02-21T20:02:48Z" duration-ms="7689" status="FAIL">
          <exception class="java.lang.AssertionError">
            <message>
              <![CDATA[expected [true] but found [false]]]>
            </message>
            <full-stacktrace>
              <![CDATA[java.lang.AssertionError: expected [true] but found [false]
at org.testng.Assert.fail(Assert.java:96)
at org.testng.Assert.failNotEquals(Assert.java:776)
at org.testng.Assert.assertTrue(Assert.java:44)
at org.testng.Assert.assertTrue(Assert.java:54)
at com.themomsdesk.testCases.TC01_CareerPage.testCareerText(TC01_CareerPage.java:34)
at java.base/jdk.internal.reflect.NativeMethodAccessorImpl.invoke0(Native Method)
at java.base/jdk.internal.reflect.NativeMethodAccessorImpl.invoke(NativeMethodAccessorImpl.java:62)
at java.base/jdk.internal.reflect.DelegatingMethodAccessorImpl.invoke(DelegatingMethodAccessorImpl.java:43)
at java.base/java.lang.reflect.Method.invoke(Method.java:567)
at org.testng.internal.MethodInvocationHelper.invokeMethod(MethodInvocationHelper.java:124)
at org.testng.internal.Invoker.invokeMethod(Invoker.java:583)
at org.testng.internal.Invoker.invokeTestMethod(Invoker.java:719)
at org.testng.internal.Invoker.invokeTestMethods(Invoker.java:989)
at org.testng.internal.TestMethodWorker.invokeTestMethods(TestMethodWorker.java:125)
at org.testng.internal.TestMethodWorker.run(TestMethodWorker.java:109)
at org.testng.TestRunner.privateRun(TestRunner.java:648)
at org.testng.TestRunner.run(TestRunner.java:505)
at org.testng.SuiteRunner.runTest(SuiteRunner.java:455)
at org.testng.SuiteRunner.runSequentially(SuiteRunner.java:450)
at org.testng.SuiteRunner.privateRun(SuiteRunner.java:415)
at org.testng.SuiteRunner.run(SuiteRunner.java:364)
at org.testng.SuiteRunnerWorker.runSuite(SuiteRunnerWorker.java:52)
at org.testng.SuiteRunnerWorker.run(SuiteRunnerWorker.java:84)
at org.testng.TestNG.runSuitesSequentially(TestNG.java:1208)
at org.testng.TestNG.runSuitesLocally(TestNG.java:1137)
at org.testng.TestNG.runSuites(TestNG.java:1049)
at org.testng.TestNG.run(TestNG.java:1017)
at org.testng.remote.AbstractRemoteTestNG.run(AbstractRemoteTestNG.java:115)
at org.testng.remote.RemoteTestNG.initAndRun(RemoteTestNG.java:251)
at org.testng.remote.RemoteTestNG.main(RemoteTestNG.java:77)
]]>
            </full-stacktrace>
          </exception> <!-- java.lang.AssertionError -->
          <reporter-output>
          </reporter-output>
        </test-method> <!-- testCareerText -->
        <test-method is-config="true" signature="tearDown()[pri:0, instance:com.themomsdesk.testCases.TC01_CareerPage@4a883b15]" started-at="2021-02-21T20:02:49Z" name="tearDown" finished-at="2021-02-21T20:03:00Z" duration-ms="10807" status="PASS">
          <reporter-output>
          </reporter-output>
        </test-method> <!-- tearDown -->
      </class> <!-- com.themomsdesk.testCases.TC01_CareerPage -->
      <class name="com.themomsdesk.testCases.TC03_ContactPageForm">
        <test-method is-config="true" signature="setup(java.lang.String)[pri:0, instance:com.themomsdesk.testCases.TC03_ContactPageForm@7b36aa0c]" started-at="2021-02-21T20:03:39Z" name="setup" finished-at="2021-02-21T20:03:51Z" duration-ms="12792" status="PASS">
          <params>
            <param index="0">
              <value>
                <![CDATA[chrome]]>
              </value>
            </param>
          </params>
          <reporter-output>
          </reporter-output>
        </test-method> <!-- setup -->
        <test-method signature="testContactPage()[pri:0, instance:com.themomsdesk.testCases.TC03_ContactPageForm@7b36aa0c]" started-at="2021-02-21T20:03:51Z" name="testContactPage" finished-at="2021-02-21T20:04:03Z" duration-ms="11986" status="FAIL">
          <exception class="java.lang.AssertionError">
            <message>
              <![CDATA[expected [true] but found [false]]]>
            </message>
            <full-stacktrace>
              <![CDATA[java.lang.AssertionError: expected [true] but found [false]
at org.testng.Assert.fail(Assert.java:96)
at org.testng.Assert.failNotEquals(Assert.java:776)
at org.testng.Assert.assertTrue(Assert.java:44)
at org.testng.Assert.assertTrue(Assert.java:54)
at com.themomsdesk.testCases.TC03_ContactPageForm.testContactPage(TC03_ContactPageForm.java:49)
at java.base/jdk.internal.reflect.NativeMethodAccessorImpl.invoke0(Native Method)
at java.base/jdk.internal.reflect.NativeMethodAccessorImpl.invoke(NativeMethodAccessorImpl.java:62)
at java.base/jdk.internal.reflect.DelegatingMethodAccessorImpl.invoke(DelegatingMethodAccessorImpl.java:43)
at java.base/java.lang.reflect.Method.invoke(Method.java:567)
at org.testng.internal.MethodInvocationHelper.invokeMethod(MethodInvocationHelper.java:124)
at org.testng.internal.Invoker.invokeMethod(Invoker.java:583)
at org.testng.internal.Invoker.invokeTestMethod(Invoker.java:719)
at org.testng.internal.Invoker.invokeTestMethods(Invoker.java:989)
at org.testng.internal.TestMethodWorker.invokeTestMethods(TestMethodWorker.java:125)
at org.testng.internal.TestMethodWorker.run(TestMethodWorker.java:109)
at org.testng.TestRunner.privateRun(TestRunner.java:648)
at org.testng.TestRunner.run(TestRunner.java:505)
at org.testng.SuiteRunner.runTest(SuiteRunner.java:455)
at org.testng.SuiteRunner.runSequentially(SuiteRunner.java:450)
at org.testng.SuiteRunner.privateRun(SuiteRunner.java:415)
at org.testng.SuiteRunner.run(SuiteRunner.java:364)
at org.testng.SuiteRunnerWorker.runSuite(SuiteRunnerWorker.java:52)
at org.testng.SuiteRunnerWorker.run(SuiteRunnerWorker.java:84)
at org.testng.TestNG.runSuitesSequentially(TestNG.java:1208)
at org.testng.TestNG.runSuitesLocally(TestNG.java:1137)
at org.testng.TestNG.runSuites(TestNG.java:1049)
at org.testng.TestNG.run(TestNG.java:1017)
at org.testng.remote.AbstractRemoteTestNG.run(AbstractRemoteTestNG.java:115)
at org.testng.remote.RemoteTestNG.initAndRun(RemoteTestNG.java:251)
at org.testng.remote.RemoteTestNG.main(RemoteTestNG.java:77)
]]>
            </full-stacktrace>
          </exception> <!-- java.lang.AssertionError -->
          <reporter-output>
          </reporter-output>
        </test-method> <!-- testContactPage -->
        <test-method is-config="true" signature="tearDown()[pri:0, instance:com.themomsdesk.testCases.TC03_ContactPageForm@7b36aa0c]" started-at="2021-02-21T20:04:03Z" name="tearDown" finished-at="2021-02-21T20:04:13Z" duration-ms="9514" status="PASS">
          <reporter-output>
          </reporter-output>
        </test-method> <!-- tearDown -->
      </class> <!-- com.themomsdesk.testCases.TC03_ContactPageForm -->
    </test> <!-- TheMomDesk Test -->
  </suite> <!-- themomdesk -->
</testng-results>
